<?xml version="1.0" encoding="UTF-8"?>
<!-- Generated by org.testng.reporters.JUnitReportReporter -->
<testsuite hostname="DESKTOP-MOV6OMQ" failures="0" tests="1" name="seleniumlearn.seleniumja.HomePageTest" time="11.536" errors="0" timestamp="2021-07-22T09:05:06 IST" skipped="0">
  <testcase classname="seleniumlearn.seleniumja.HomePageTest" name="basepageNavigation" time="11.536"/>
  <system-out/>
</testsuite> <!-- seleniumlearn.seleniumja.HomePageTest -->
