<?xml version="1.0" encoding="UTF-8"?>
<!-- Generated by org.testng.reporters.JUnitReportReporter -->
<testsuite hostname="DESKTOP-MOV6OMQ" failures="0" tests="2" name="seleniumlearn.seleniumja.manualtest" time="0.001" errors="0" timestamp="2021-07-19T08:49:50 IST" skipped="0">
  <testcase classname="seleniumlearn.seleniumja.manualtest" name="appium" time="0.001"/>
  <system-out/>
  <testcase classname="seleniumlearn.seleniumja.manualtest" name="soap" time="0.000"/>
  <system-out/>
</testsuite> <!-- seleniumlearn.seleniumja.manualtest -->
