<?xml version="1.0" encoding="UTF-8"?>
<!-- Generated by org.testng.reporters.JUnitReportReporter -->
<testsuite hostname="DESKTOP-MOV6OMQ" failures="0" tests="1" name="seleniumlearn.seleniumja.ValidateTitle" time="0.041" errors="0" timestamp="2021-07-22T09:06:03 IST" skipped="0">
  <testcase classname="seleniumlearn.seleniumja.ValidateTitle" name="basepageNavigation" time="0.041"/>
  <system-out/>
</testsuite> <!-- seleniumlearn.seleniumja.ValidateTitle -->
