<?xml version="1.0" encoding="UTF-8"?>
<!-- Generated by org.testng.reporters.JUnitReportReporter -->
<testsuite hostname="DESKTOP-MOV6OMQ" failures="0" tests="3" name="seleniumlearn.seleniumja.SeleniuTest" time="0.008" errors="0" timestamp="2021-07-19T08:49:50 IST" skipped="0">
  <testcase classname="seleniumlearn.seleniumja.SeleniuTest" name="Manual" time="0.001"/>
  <system-out/>
  <testcase classname="seleniumlearn.seleniumja.SeleniuTest" name="seleneiumtesting" time="0.001"/>
  <system-out/>
  <testcase classname="seleniumlearn.seleniumja.SeleniuTest" name="Automation" time="0.006"/>
  <system-out/>
</testsuite> <!-- seleniumlearn.seleniumja.SeleniuTest -->
