<?xml version="1.0" encoding="UTF-8"?>
<!-- Generated by org.testng.reporters.JUnitReportReporter -->
<testsuite hostname="DESKTOP-MOV6OMQ" failures="0" tests="3" name="seleniumlearn.seleniumja.SeleniuTest" time="0.003" errors="0" timestamp="2021-07-17T09:04:13 IST" skipped="0">
  <testcase classname="seleniumlearn.seleniumja.SeleniuTest" name="Automation" time="0.003"/>
  <system-out/>
  <testcase classname="seleniumlearn.seleniumja.SeleniuTest" name="Manual" time="0.000"/>
  <system-out/>
  <testcase classname="seleniumlearn.seleniumja.SeleniuTest" name="seleneiumtesting" time="0.000"/>
  <system-out/>
</testsuite> <!-- seleniumlearn.seleniumja.SeleniuTest -->
